[04-Oct-2012 12:13:30 UTC] PHP Deprecated:  Assigning the return value of new by reference is deprecated in /usr/local/nginx/html/openpne-base/lib/include/PEAR.php on line 569
[04-Oct-2012 12:13:30 UTC] PHP Deprecated:  Assigning the return value of new by reference is deprecated in /usr/local/nginx/html/openpne-base/lib/include/PEAR.php on line 572
[04-Oct-2012 12:13:30 UTC] PHP Deprecated:  Assigning the return value of new by reference is deprecated in /usr/local/nginx/html/openpne-base/webapp/lib/db/common.php on line 21
[04-Oct-2012 12:13:30 UTC] PHP Deprecated:  Assigning the return value of new by reference is deprecated in /usr/local/nginx/html/openpne-base/webapp/lib/db/review.php on line 99
[04-Oct-2012 12:13:30 UTC] PHP Deprecated:  Assigning the return value of new by reference is deprecated in /usr/local/nginx/html/openpne-base/webapp/lib/db/review.php on line 141
[04-Oct-2012 12:13:30 UTC] PHP Deprecated:  Assigning the return value of new by reference is deprecated in /usr/local/nginx/html/openpne-base/lib/include/Auth.php on line 449
[04-Oct-2012 12:13:30 UTC] PHP Deprecated:  Assigning the return value of new by reference is deprecated in /usr/local/nginx/html/openpne-base/lib/include/PEAR.php on line 569
[04-Oct-2012 12:13:30 UTC] PHP Deprecated:  Assigning the return value of new by reference is deprecated in /usr/local/nginx/html/openpne-base/lib/include/PEAR.php on line 572
[04-Oct-2012 12:13:30 UTC] PHP Deprecated:  Assigning the return value of new by reference is deprecated in /usr/local/nginx/html/openpne-base/webapp/lib/db/common.php on line 21
[04-Oct-2012 12:13:30 UTC] PHP Deprecated:  Assigning the return value of new by reference is deprecated in /usr/local/nginx/html/openpne-base/webapp/lib/db/review.php on line 99
[04-Oct-2012 12:13:30 UTC] PHP Deprecated:  Assigning the return value of new by reference is deprecated in /usr/local/nginx/html/openpne-base/webapp/lib/db/review.php on line 141
[04-Oct-2012 12:13:31 UTC] PHP Deprecated:  Assigning the return value of new by reference is deprecated in /usr/local/nginx/html/openpne-base/lib/include/Auth.php on line 449
[04-Oct-2012 12:13:31 UTC] PHP Deprecated:  Assigning the return value of new by reference is deprecated in /usr/local/nginx/html/openpne-base/webapp/lib/OpenPNE/Validator/Common.php on line 38
[04-Oct-2012 12:13:48 UTC] PHP Deprecated:  Assigning the return value of new by reference is deprecated in /usr/local/nginx/html/openpne-base/lib/include/PEAR.php on line 569
[04-Oct-2012 12:13:48 UTC] PHP Deprecated:  Assigning the return value of new by reference is deprecated in /usr/local/nginx/html/openpne-base/lib/include/PEAR.php on line 572
[04-Oct-2012 12:13:48 UTC] PHP Deprecated:  Assigning the return value of new by reference is deprecated in /usr/local/nginx/html/openpne-base/webapp/lib/db/common.php on line 21
[04-Oct-2012 12:13:48 UTC] PHP Deprecated:  Assigning the return value of new by reference is deprecated in /usr/local/nginx/html/openpne-base/webapp/lib/db/review.php on line 99
[04-Oct-2012 12:13:48 UTC] PHP Deprecated:  Assigning the return value of new by reference is deprecated in /usr/local/nginx/html/openpne-base/webapp/lib/db/review.php on line 141
[04-Oct-2012 12:13:48 UTC] PHP Deprecated:  Assigning the return value of new by reference is deprecated in /usr/local/nginx/html/openpne-base/lib/include/Auth.php on line 449
[04-Oct-2012 12:13:48 UTC] PHP Deprecated:  Assigning the return value of new by reference is deprecated in /usr/local/nginx/html/openpne-base/webapp/lib/OpenPNE/Validator/Common.php on line 38
[04-Oct-2012 12:13:49 UTC] PHP Deprecated:  Assigning the return value of new by reference is deprecated in /usr/local/nginx/html/openpne-base/lib/include/PEAR.php on line 569
[04-Oct-2012 12:13:49 UTC] PHP Deprecated:  Assigning the return value of new by reference is deprecated in /usr/local/nginx/html/openpne-base/lib/include/PEAR.php on line 572
[04-Oct-2012 12:13:49 UTC] PHP Deprecated:  Assigning the return value of new by reference is deprecated in /usr/local/nginx/html/openpne-base/webapp/lib/db/common.php on line 21
[04-Oct-2012 12:13:49 UTC] PHP Deprecated:  Assigning the return value of new by reference is deprecated in /usr/local/nginx/html/openpne-base/webapp/lib/db/review.php on line 99
[04-Oct-2012 12:13:49 UTC] PHP Deprecated:  Assigning the return value of new by reference is deprecated in /usr/local/nginx/html/openpne-base/webapp/lib/db/review.php on line 141
[04-Oct-2012 12:13:49 UTC] PHP Deprecated:  Assigning the return value of new by reference is deprecated in /usr/local/nginx/html/openpne-base/lib/include/Auth.php on line 449
[04-Oct-2012 12:13:49 UTC] PHP Deprecated:  Assigning the return value of new by reference is deprecated in /usr/local/nginx/html/openpne-base/webapp/lib/OpenPNE/Validator/Common.php on line 38
[04-Oct-2012 12:14:41 UTC] PHP Deprecated:  Assigning the return value of new by reference is deprecated in /usr/local/nginx/html/openpne-base/lib/include/PEAR.php on line 569
[04-Oct-2012 12:14:41 UTC] PHP Deprecated:  Assigning the return value of new by reference is deprecated in /usr/local/nginx/html/openpne-base/lib/include/PEAR.php on line 572
[04-Oct-2012 12:14:41 UTC] PHP Deprecated:  Assigning the return value of new by reference is deprecated in /usr/local/nginx/html/openpne-base/webapp/lib/db/common.php on line 21
[04-Oct-2012 12:14:41 UTC] PHP Deprecated:  Assigning the return value of new by reference is deprecated in /usr/local/nginx/html/openpne-base/webapp/lib/db/review.php on line 99
[04-Oct-2012 12:14:41 UTC] PHP Deprecated:  Assigning the return value of new by reference is deprecated in /usr/local/nginx/html/openpne-base/webapp/lib/db/review.php on line 141
[04-Oct-2012 12:14:41 UTC] PHP Deprecated:  Assigning the return value of new by reference is deprecated in /usr/local/nginx/html/openpne-base/lib/include/Auth.php on line 449
[04-Oct-2012 12:14:41 UTC] PHP Deprecated:  Assigning the return value of new by reference is deprecated in /usr/local/nginx/html/openpne-base/webapp/lib/OpenPNE/Validator/Common.php on line 38
[04-Oct-2012 12:14:42 UTC] PHP Deprecated:  Assigning the return value of new by reference is deprecated in /usr/local/nginx/html/openpne-base/lib/include/PEAR.php on line 569
[04-Oct-2012 12:14:42 UTC] PHP Deprecated:  Assigning the return value of new by reference is deprecated in /usr/local/nginx/html/openpne-base/lib/include/PEAR.php on line 572
[04-Oct-2012 12:14:42 UTC] PHP Deprecated:  Assigning the return value of new by reference is deprecated in /usr/local/nginx/html/openpne-base/webapp/lib/db/common.php on line 21
[04-Oct-2012 12:14:42 UTC] PHP Deprecated:  Assigning the return value of new by reference is deprecated in /usr/local/nginx/html/openpne-base/webapp/lib/db/review.php on line 99
[04-Oct-2012 12:14:42 UTC] PHP Deprecated:  Assigning the return value of new by reference is deprecated in /usr/local/nginx/html/openpne-base/webapp/lib/db/review.php on line 141
[04-Oct-2012 12:14:43 UTC] PHP Deprecated:  Assigning the return value of new by reference is deprecated in /usr/local/nginx/html/openpne-base/lib/include/Auth.php on line 449
[04-Oct-2012 12:14:55 UTC] PHP Deprecated:  Assigning the return value of new by reference is deprecated in /usr/local/nginx/html/openpne-base/lib/include/PEAR.php on line 569
[04-Oct-2012 12:14:55 UTC] PHP Deprecated:  Assigning the return value of new by reference is deprecated in /usr/local/nginx/html/openpne-base/lib/include/PEAR.php on line 572
[04-Oct-2012 12:14:55 UTC] PHP Deprecated:  Assigning the return value of new by reference is deprecated in /usr/local/nginx/html/openpne-base/webapp/lib/db/common.php on line 21
[04-Oct-2012 12:14:55 UTC] PHP Deprecated:  Assigning the return value of new by reference is deprecated in /usr/local/nginx/html/openpne-base/webapp/lib/db/review.php on line 99
[04-Oct-2012 12:14:55 UTC] PHP Deprecated:  Assigning the return value of new by reference is deprecated in /usr/local/nginx/html/openpne-base/webapp/lib/db/review.php on line 141
[04-Oct-2012 12:14:55 UTC] PHP Deprecated:  Assigning the return value of new by reference is deprecated in /usr/local/nginx/html/openpne-base/lib/include/Auth.php on line 449
[04-Oct-2012 12:14:55 UTC] PHP Deprecated:  Assigning the return value of new by reference is deprecated in /usr/local/nginx/html/openpne-base/webapp/modules/pc/do/o_login.php on line 37
[04-Oct-2012 12:14:55 UTC] PHP Deprecated:  Assigning the return value of new by reference is deprecated in /usr/local/nginx/html/openpne-base/webapp/lib/OpenPNE/Validator/Common.php on line 38
[04-Oct-2012 12:14:59 UTC] PHP Deprecated:  Assigning the return value of new by reference is deprecated in /usr/local/nginx/html/openpne-base/lib/include/PEAR.php on line 569
[04-Oct-2012 12:14:59 UTC] PHP Deprecated:  Assigning the return value of new by reference is deprecated in /usr/local/nginx/html/openpne-base/lib/include/PEAR.php on line 572
[04-Oct-2012 12:14:59 UTC] PHP Deprecated:  Assigning the return value of new by reference is deprecated in /usr/local/nginx/html/openpne-base/webapp/lib/db/common.php on line 21
[04-Oct-2012 12:14:59 UTC] PHP Deprecated:  Assigning the return value of new by reference is deprecated in /usr/local/nginx/html/openpne-base/webapp/lib/db/review.php on line 99
[04-Oct-2012 12:14:59 UTC] PHP Deprecated:  Assigning the return value of new by reference is deprecated in /usr/local/nginx/html/openpne-base/webapp/lib/db/review.php on line 141
[04-Oct-2012 12:14:59 UTC] PHP Deprecated:  Assigning the return value of new by reference is deprecated in /usr/local/nginx/html/openpne-base/lib/include/Auth.php on line 449
[04-Oct-2012 12:14:59 UTC] PHP Deprecated:  Assigning the return value of new by reference is deprecated in /usr/local/nginx/html/openpne-base/webapp/lib/OpenPNE/Validator/Common.php on line 38
[04-Oct-2012 12:15:04 UTC] PHP Deprecated:  Assigning the return value of new by reference is deprecated in /usr/local/nginx/html/openpne-base/lib/include/PEAR.php on line 569
[04-Oct-2012 12:15:04 UTC] PHP Deprecated:  Assigning the return value of new by reference is deprecated in /usr/local/nginx/html/openpne-base/lib/include/PEAR.php on line 572
[04-Oct-2012 12:15:04 UTC] PHP Deprecated:  Assigning the return value of new by reference is deprecated in /usr/local/nginx/html/openpne-base/webapp/lib/db/common.php on line 21
[04-Oct-2012 12:15:04 UTC] PHP Deprecated:  Assigning the return value of new by reference is deprecated in /usr/local/nginx/html/openpne-base/webapp/lib/db/review.php on line 99
[04-Oct-2012 12:15:04 UTC] PHP Deprecated:  Assigning the return value of new by reference is deprecated in /usr/local/nginx/html/openpne-base/webapp/lib/db/review.php on line 141
[04-Oct-2012 12:15:04 UTC] PHP Deprecated:  Assigning the return value of new by reference is deprecated in /usr/local/nginx/html/openpne-base/lib/include/Auth.php on line 449
[04-Oct-2012 12:15:04 UTC] PHP Deprecated:  Assigning the return value of new by reference is deprecated in /usr/local/nginx/html/openpne-base/webapp/lib/OpenPNE/Validator/Common.php on line 38
[04-Oct-2012 12:15:15 UTC] PHP Deprecated:  Assigning the return value of new by reference is deprecated in /usr/local/nginx/html/openpne-base/lib/include/PEAR.php on line 569
[04-Oct-2012 12:15:15 UTC] PHP Deprecated:  Assigning the return value of new by reference is deprecated in /usr/local/nginx/html/openpne-base/lib/include/PEAR.php on line 572
[04-Oct-2012 12:15:15 UTC] PHP Deprecated:  Assigning the return value of new by reference is deprecated in /usr/local/nginx/html/openpne-base/webapp/lib/db/common.php on line 21
[04-Oct-2012 12:15:15 UTC] PHP Deprecated:  Assigning the return value of new by reference is deprecated in /usr/local/nginx/html/openpne-base/webapp/lib/db/review.php on line 99
[04-Oct-2012 12:15:15 UTC] PHP Deprecated:  Assigning the return value of new by reference is deprecated in /usr/local/nginx/html/openpne-base/webapp/lib/db/review.php on line 141
[04-Oct-2012 12:15:15 UTC] PHP Deprecated:  Assigning the return value of new by reference is deprecated in /usr/local/nginx/html/openpne-base/lib/include/Auth.php on line 449
[04-Oct-2012 12:15:15 UTC] PHP Deprecated:  Assigning the return value of new by reference is deprecated in /usr/local/nginx/html/openpne-base/webapp/modules/pc/do/o_login.php on line 37
[04-Oct-2012 12:15:15 UTC] PHP Deprecated:  Assigning the return value of new by reference is deprecated in /usr/local/nginx/html/openpne-base/webapp/lib/OpenPNE/Validator/Common.php on line 38
[04-Oct-2012 12:15:15 UTC] PHP Deprecated:  Assigning the return value of new by reference is deprecated in /usr/local/nginx/html/openpne-base/lib/include/PEAR.php on line 569
[04-Oct-2012 12:15:15 UTC] PHP Deprecated:  Assigning the return value of new by reference is deprecated in /usr/local/nginx/html/openpne-base/lib/include/PEAR.php on line 572
[04-Oct-2012 12:15:15 UTC] PHP Deprecated:  Assigning the return value of new by reference is deprecated in /usr/local/nginx/html/openpne-base/webapp/lib/db/common.php on line 21
[04-Oct-2012 12:15:15 UTC] PHP Deprecated:  Assigning the return value of new by reference is deprecated in /usr/local/nginx/html/openpne-base/webapp/lib/db/review.php on line 99
[04-Oct-2012 12:15:15 UTC] PHP Deprecated:  Assigning the return value of new by reference is deprecated in /usr/local/nginx/html/openpne-base/webapp/lib/db/review.php on line 141
[04-Oct-2012 12:15:15 UTC] PHP Deprecated:  Assigning the return value of new by reference is deprecated in /usr/local/nginx/html/openpne-base/lib/include/Auth.php on line 449
[04-Oct-2012 12:15:15 UTC] PHP Deprecated:  Assigning the return value of new by reference is deprecated in /usr/local/nginx/html/openpne-base/webapp/lib/OpenPNE/Validator/Common.php on line 38
[04-Oct-2012 12:15:16 UTC] PHP Deprecated:  Assigning the return value of new by reference is deprecated in /usr/local/nginx/html/openpne-base/lib/include/Calendar/Week.php on line 123
[04-Oct-2012 12:15:16 UTC] PHP Deprecated:  Assigning the return value of new by reference is deprecated in /usr/local/nginx/html/openpne-base/lib/include/Calendar/Calendar.php on line 404
[04-Oct-2012 12:15:17 UTC] PHP Deprecated:  Assigning the return value of new by reference is deprecated in /usr/local/nginx/html/openpne-base/webapp/lib/OpenPNE/Img.php on line 208
[04-Oct-2012 12:15:17 UTC] PHP Deprecated:  Assigning the return value of new by reference is deprecated in /usr/local/nginx/html/openpne-base/lib/include/PEAR.php on line 569
[04-Oct-2012 12:15:17 UTC] PHP Deprecated:  Assigning the return value of new by reference is deprecated in /usr/local/nginx/html/openpne-base/lib/include/PEAR.php on line 572
[04-Oct-2012 12:15:17 UTC] PHP Deprecated:  Assigning the return value of new by reference is deprecated in /usr/local/nginx/html/openpne-base/webapp/lib/OpenPNE/Img.php on line 208
[04-Oct-2012 12:15:17 UTC] PHP Deprecated:  Assigning the return value of new by reference is deprecated in /usr/local/nginx/html/openpne-base/lib/include/PEAR.php on line 569
[04-Oct-2012 12:15:17 UTC] PHP Deprecated:  Assigning the return value of new by reference is deprecated in /usr/local/nginx/html/openpne-base/lib/include/PEAR.php on line 572
[04-Oct-2012 12:15:17 UTC] PHP Deprecated:  Function ereg() is deprecated in /usr/local/nginx/html/openpne-base/lib/include/Etag.php on line 62
[04-Oct-2012 12:15:17 UTC] PHP Deprecated:  Function ereg() is deprecated in /usr/local/nginx/html/openpne-base/lib/include/Etag.php on line 62
[04-Oct-2012 12:16:02 UTC] PHP Deprecated:  Assigning the return value of new by reference is deprecated in /usr/local/nginx/html/openpne-base/lib/include/PEAR.php on line 569
[04-Oct-2012 12:16:02 UTC] PHP Deprecated:  Assigning the return value of new by reference is deprecated in /usr/local/nginx/html/openpne-base/lib/include/PEAR.php on line 572
[04-Oct-2012 12:16:02 UTC] PHP Deprecated:  Assigning the return value of new by reference is deprecated in /usr/local/nginx/html/openpne-base/webapp/lib/db/common.php on line 21
[04-Oct-2012 12:16:02 UTC] PHP Deprecated:  Assigning the return value of new by reference is deprecated in /usr/local/nginx/html/openpne-base/webapp/lib/db/review.php on line 99
[04-Oct-2012 12:16:02 UTC] PHP Deprecated:  Assigning the return value of new by reference is deprecated in /usr/local/nginx/html/openpne-base/webapp/lib/db/review.php on line 141
[04-Oct-2012 12:16:02 UTC] PHP Deprecated:  Assigning the return value of new by reference is deprecated in /usr/local/nginx/html/openpne-base/lib/include/Auth.php on line 449
[04-Oct-2012 12:16:02 UTC] PHP Deprecated:  Assigning the return value of new by reference is deprecated in /usr/local/nginx/html/openpne-base/webapp/lib/OpenPNE/Validator/Common.php on line 38
[04-Oct-2012 12:16:02 UTC] PHP Deprecated:  Assigning the return value of new by reference is deprecated in /usr/local/nginx/html/openpne-base/lib/include/Calendar/Week.php on line 123
[04-Oct-2012 12:16:02 UTC] PHP Deprecated:  Assigning the return value of new by reference is deprecated in /usr/local/nginx/html/openpne-base/lib/include/Calendar/Calendar.php on line 404
[04-Oct-2012 12:16:03 UTC] PHP Deprecated:  Assigning the return value of new by reference is deprecated in /usr/local/nginx/html/openpne-base/webapp/lib/OpenPNE/Img.php on line 208
[04-Oct-2012 12:16:03 UTC] PHP Deprecated:  Function ereg() is deprecated in /usr/local/nginx/html/openpne-base/lib/include/Etag.php on line 62
[04-Oct-2012 12:16:03 UTC] PHP Deprecated:  Assigning the return value of new by reference is deprecated in /usr/local/nginx/html/openpne-base/webapp/lib/OpenPNE/Img.php on line 208
[04-Oct-2012 12:16:03 UTC] PHP Deprecated:  Function ereg() is deprecated in /usr/local/nginx/html/openpne-base/lib/include/Etag.php on line 62
[04-Oct-2012 12:16:08 UTC] PHP Deprecated:  Assigning the return value of new by reference is deprecated in /usr/local/nginx/html/openpne-base/lib/include/PEAR.php on line 569
[04-Oct-2012 12:16:08 UTC] PHP Deprecated:  Assigning the return value of new by reference is deprecated in /usr/local/nginx/html/openpne-base/lib/include/PEAR.php on line 572
[04-Oct-2012 12:16:08 UTC] PHP Deprecated:  Assigning the return value of new by reference is deprecated in /usr/local/nginx/html/openpne-base/webapp/lib/db/common.php on line 21
[04-Oct-2012 12:16:08 UTC] PHP Deprecated:  Assigning the return value of new by reference is deprecated in /usr/local/nginx/html/openpne-base/webapp/lib/db/review.php on line 99
[04-Oct-2012 12:16:08 UTC] PHP Deprecated:  Assigning the return value of new by reference is deprecated in /usr/local/nginx/html/openpne-base/webapp/lib/db/review.php on line 141
[04-Oct-2012 12:16:08 UTC] PHP Deprecated:  Assigning the return value of new by reference is deprecated in /usr/local/nginx/html/openpne-base/lib/include/Auth.php on line 449
[04-Oct-2012 12:16:08 UTC] PHP Deprecated:  Assigning the return value of new by reference is deprecated in /usr/local/nginx/html/openpne-base/webapp/lib/OpenPNE/Validator/Common.php on line 38
[04-Oct-2012 12:16:08 UTC] PHP Deprecated:  Assigning the return value of new by reference is deprecated in /usr/local/nginx/html/openpne-base/lib/include/Calendar/Month/Weekdays.php on line 110
[04-Oct-2012 12:16:08 UTC] PHP Deprecated:  Assigning the return value of new by reference is deprecated in /usr/local/nginx/html/openpne-base/lib/include/Calendar/Calendar.php on line 404
[04-Oct-2012 12:16:17 UTC] PHP Deprecated:  Assigning the return value of new by reference is deprecated in /usr/local/nginx/html/openpne-base/lib/include/PEAR.php on line 569
[04-Oct-2012 12:16:17 UTC] PHP Deprecated:  Assigning the return value of new by reference is deprecated in /usr/local/nginx/html/openpne-base/lib/include/PEAR.php on line 572
[04-Oct-2012 12:16:17 UTC] PHP Deprecated:  Assigning the return value of new by reference is deprecated in /usr/local/nginx/html/openpne-base/webapp/lib/db/common.php on line 21
[04-Oct-2012 12:16:17 UTC] PHP Deprecated:  Assigning the return value of new by reference is deprecated in /usr/local/nginx/html/openpne-base/webapp/lib/db/review.php on line 99
[04-Oct-2012 12:16:17 UTC] PHP Deprecated:  Assigning the return value of new by reference is deprecated in /usr/local/nginx/html/openpne-base/webapp/lib/db/review.php on line 141
[04-Oct-2012 12:16:17 UTC] PHP Deprecated:  Assigning the return value of new by reference is deprecated in /usr/local/nginx/html/openpne-base/lib/include/Auth.php on line 449
[04-Oct-2012 12:16:17 UTC] PHP Deprecated:  Assigning the return value of new by reference is deprecated in /usr/local/nginx/html/openpne-base/webapp/lib/OpenPNE/Validator/Common.php on line 38
[04-Oct-2012 12:16:31 UTC] PHP Deprecated:  Assigning the return value of new by reference is deprecated in /usr/local/nginx/html/openpne-base/lib/include/PEAR.php on line 569
[04-Oct-2012 12:16:31 UTC] PHP Deprecated:  Assigning the return value of new by reference is deprecated in /usr/local/nginx/html/openpne-base/lib/include/PEAR.php on line 572
[04-Oct-2012 12:16:31 UTC] PHP Deprecated:  Assigning the return value of new by reference is deprecated in /usr/local/nginx/html/openpne-base/webapp/lib/db/common.php on line 21
[04-Oct-2012 12:16:31 UTC] PHP Deprecated:  Assigning the return value of new by reference is deprecated in /usr/local/nginx/html/openpne-base/webapp/lib/db/review.php on line 99
[04-Oct-2012 12:16:31 UTC] PHP Deprecated:  Assigning the return value of new by reference is deprecated in /usr/local/nginx/html/openpne-base/webapp/lib/db/review.php on line 141
[04-Oct-2012 12:16:31 UTC] PHP Deprecated:  Assigning the return value of new by reference is deprecated in /usr/local/nginx/html/openpne-base/lib/include/Auth.php on line 449
[04-Oct-2012 12:16:31 UTC] PHP Deprecated:  Assigning the return value of new by reference is deprecated in /usr/local/nginx/html/openpne-base/webapp/lib/OpenPNE/Validator/Common.php on line 38
[04-Oct-2012 12:16:37 UTC] PHP Deprecated:  Assigning the return value of new by reference is deprecated in /usr/local/nginx/html/openpne-base/lib/include/PEAR.php on line 569
[04-Oct-2012 12:16:37 UTC] PHP Deprecated:  Assigning the return value of new by reference is deprecated in /usr/local/nginx/html/openpne-base/lib/include/PEAR.php on line 572
[04-Oct-2012 12:16:37 UTC] PHP Deprecated:  Assigning the return value of new by reference is deprecated in /usr/local/nginx/html/openpne-base/webapp/lib/db/common.php on line 21
[04-Oct-2012 12:16:37 UTC] PHP Deprecated:  Assigning the return value of new by reference is deprecated in /usr/local/nginx/html/openpne-base/webapp/lib/db/review.php on line 99
[04-Oct-2012 12:16:37 UTC] PHP Deprecated:  Assigning the return value of new by reference is deprecated in /usr/local/nginx/html/openpne-base/webapp/lib/db/review.php on line 141
[04-Oct-2012 12:16:37 UTC] PHP Deprecated:  Assigning the return value of new by reference is deprecated in /usr/local/nginx/html/openpne-base/lib/include/Auth.php on line 449
[04-Oct-2012 12:16:37 UTC] PHP Deprecated:  Assigning the return value of new by reference is deprecated in /usr/local/nginx/html/openpne-base/webapp/lib/OpenPNE/Validator/Common.php on line 38
[04-Oct-2012 12:16:42 UTC] PHP Deprecated:  Assigning the return value of new by reference is deprecated in /usr/local/nginx/html/openpne-base/lib/include/PEAR.php on line 569
[04-Oct-2012 12:16:42 UTC] PHP Deprecated:  Assigning the return value of new by reference is deprecated in /usr/local/nginx/html/openpne-base/lib/include/PEAR.php on line 572
[04-Oct-2012 12:16:42 UTC] PHP Deprecated:  Assigning the return value of new by reference is deprecated in /usr/local/nginx/html/openpne-base/webapp/lib/db/common.php on line 21
[04-Oct-2012 12:16:42 UTC] PHP Deprecated:  Assigning the return value of new by reference is deprecated in /usr/local/nginx/html/openpne-base/webapp/lib/db/review.php on line 99
[04-Oct-2012 12:16:42 UTC] PHP Deprecated:  Assigning the return value of new by reference is deprecated in /usr/local/nginx/html/openpne-base/webapp/lib/db/review.php on line 141
[04-Oct-2012 12:16:42 UTC] PHP Deprecated:  Assigning the return value of new by reference is deprecated in /usr/local/nginx/html/openpne-base/lib/include/Auth.php on line 449
[04-Oct-2012 12:16:42 UTC] PHP Deprecated:  Assigning the return value of new by reference is deprecated in /usr/local/nginx/html/openpne-base/webapp/lib/OpenPNE/Validator/Common.php on line 38
[04-Oct-2012 12:16:45 UTC] PHP Deprecated:  Assigning the return value of new by reference is deprecated in /usr/local/nginx/html/openpne-base/lib/include/PEAR.php on line 569
[04-Oct-2012 12:16:45 UTC] PHP Deprecated:  Assigning the return value of new by reference is deprecated in /usr/local/nginx/html/openpne-base/lib/include/PEAR.php on line 572
[04-Oct-2012 12:16:45 UTC] PHP Deprecated:  Assigning the return value of new by reference is deprecated in /usr/local/nginx/html/openpne-base/webapp/lib/db/common.php on line 21
[04-Oct-2012 12:16:45 UTC] PHP Deprecated:  Assigning the return value of new by reference is deprecated in /usr/local/nginx/html/openpne-base/webapp/lib/db/review.php on line 99
[04-Oct-2012 12:16:45 UTC] PHP Deprecated:  Assigning the return value of new by reference is deprecated in /usr/local/nginx/html/openpne-base/webapp/lib/db/review.php on line 141
[04-Oct-2012 12:16:45 UTC] PHP Deprecated:  Assigning the return value of new by reference is deprecated in /usr/local/nginx/html/openpne-base/lib/include/Auth.php on line 449
[04-Oct-2012 12:16:45 UTC] PHP Deprecated:  Assigning the return value of new by reference is deprecated in /usr/local/nginx/html/openpne-base/webapp/lib/OpenPNE/Validator/Common.php on line 38
[04-Oct-2012 12:16:50 UTC] PHP Deprecated:  Assigning the return value of new by reference is deprecated in /usr/local/nginx/html/openpne-base/lib/include/PEAR.php on line 569
[04-Oct-2012 12:16:50 UTC] PHP Deprecated:  Assigning the return value of new by reference is deprecated in /usr/local/nginx/html/openpne-base/lib/include/PEAR.php on line 572
[04-Oct-2012 12:16:50 UTC] PHP Deprecated:  Assigning the return value of new by reference is deprecated in /usr/local/nginx/html/openpne-base/webapp/lib/db/common.php on line 21
[04-Oct-2012 12:16:50 UTC] PHP Deprecated:  Assigning the return value of new by reference is deprecated in /usr/local/nginx/html/openpne-base/webapp/lib/db/review.php on line 99
[04-Oct-2012 12:16:50 UTC] PHP Deprecated:  Assigning the return value of new by reference is deprecated in /usr/local/nginx/html/openpne-base/webapp/lib/db/review.php on line 141
[04-Oct-2012 12:16:50 UTC] PHP Deprecated:  Assigning the return value of new by reference is deprecated in /usr/local/nginx/html/openpne-base/lib/include/Auth.php on line 449
[04-Oct-2012 12:16:50 UTC] PHP Deprecated:  Assigning the return value of new by reference is deprecated in /usr/local/nginx/html/openpne-base/webapp/lib/OpenPNE/Validator/Common.php on line 38
[04-Oct-2012 12:16:50 UTC] PHP Deprecated:  Assigning the return value of new by reference is deprecated in /usr/local/nginx/html/openpne-base/lib/include/Calendar/Week.php on line 123
[04-Oct-2012 12:16:50 UTC] PHP Deprecated:  Assigning the return value of new by reference is deprecated in /usr/local/nginx/html/openpne-base/lib/include/Calendar/Calendar.php on line 404
[04-Oct-2012 12:16:51 UTC] PHP Deprecated:  Assigning the return value of new by reference is deprecated in /usr/local/nginx/html/openpne-base/webapp/lib/OpenPNE/Img.php on line 208
[04-Oct-2012 12:16:51 UTC] PHP Deprecated:  Function ereg() is deprecated in /usr/local/nginx/html/openpne-base/lib/include/Etag.php on line 62
[04-Oct-2012 12:16:51 UTC] PHP Deprecated:  Assigning the return value of new by reference is deprecated in /usr/local/nginx/html/openpne-base/webapp/lib/OpenPNE/Img.php on line 208
[04-Oct-2012 12:16:51 UTC] PHP Deprecated:  Function ereg() is deprecated in /usr/local/nginx/html/openpne-base/lib/include/Etag.php on line 62
[04-Oct-2012 12:24:41 UTC] PHP Deprecated:  Assigning the return value of new by reference is deprecated in /usr/local/nginx/html/pne/openpne-base/lib/include/PEAR.php on line 569
[04-Oct-2012 12:24:41 UTC] PHP Deprecated:  Assigning the return value of new by reference is deprecated in /usr/local/nginx/html/pne/openpne-base/lib/include/PEAR.php on line 572
[04-Oct-2012 12:24:41 UTC] PHP Deprecated:  Assigning the return value of new by reference is deprecated in /usr/local/nginx/html/pne/openpne-base/webapp/lib/db/common.php on line 21
[04-Oct-2012 12:24:41 UTC] PHP Deprecated:  Assigning the return value of new by reference is deprecated in /usr/local/nginx/html/pne/openpne-base/webapp/lib/db/review.php on line 99
[04-Oct-2012 12:24:41 UTC] PHP Deprecated:  Assigning the return value of new by reference is deprecated in /usr/local/nginx/html/pne/openpne-base/webapp/lib/db/review.php on line 141
[04-Oct-2012 12:24:41 UTC] PHP Deprecated:  Assigning the return value of new by reference is deprecated in /usr/local/nginx/html/pne/openpne-base/lib/include/Auth.php on line 449
[04-Oct-2012 12:24:41 UTC] PHP Deprecated:  Assigning the return value of new by reference is deprecated in /usr/local/nginx/html/pne/openpne-base/webapp/lib/OpenPNE/Validator/Common.php on line 38
[04-Oct-2012 12:24:41 UTC] PHP Deprecated:  Assigning the return value of new by reference is deprecated in /usr/local/nginx/html/pne/openpne-base/lib/include/Calendar/Week.php on line 123
[04-Oct-2012 12:24:41 UTC] PHP Deprecated:  Assigning the return value of new by reference is deprecated in /usr/local/nginx/html/pne/openpne-base/lib/include/Calendar/Calendar.php on line 404
[04-Oct-2012 12:24:43 UTC] PHP Deprecated:  Assigning the return value of new by reference is deprecated in /usr/local/nginx/html/pne/openpne-base/webapp/lib/OpenPNE/Img.php on line 208
[04-Oct-2012 12:24:43 UTC] PHP Deprecated:  Assigning the return value of new by reference is deprecated in /usr/local/nginx/html/pne/openpne-base/webapp/lib/OpenPNE/Img.php on line 208
[04-Oct-2012 12:24:43 UTC] PHP Deprecated:  Function ereg() is deprecated in /usr/local/nginx/html/pne/openpne-base/lib/include/Etag.php on line 62
[04-Oct-2012 12:24:43 UTC] PHP Deprecated:  Function ereg() is deprecated in /usr/local/nginx/html/pne/openpne-base/lib/include/Etag.php on line 62
